  openGL.cpp
C:\Users\james\Documents\Documents\University work\Year 1\Introduction to Graphics Programming\graphics programming\graphics programming\openGL.cpp(91,111): warning C4244: 'argument': conversion from 'int' to 'float', possible loss of data
C:\Users\james\Documents\Documents\University work\Year 1\Introduction to Graphics Programming\graphics programming\graphics programming\openGL.cpp(96,110): warning C4244: 'argument': conversion from 'int' to 'float', possible loss of data
C:\Users\james\Documents\Documents\University work\Year 1\Introduction to Graphics Programming\graphics programming\graphics programming\openGL.cpp(144,17): warning C4305: 'initializing': truncation from 'double' to 'float'
C:\Users\james\Documents\Documents\University work\Year 1\Introduction to Graphics Programming\graphics programming\graphics programming\openGL.cpp(144,22): warning C4305: 'initializing': truncation from 'double' to 'float'
C:\Users\james\Documents\Documents\University work\Year 1\Introduction to Graphics Programming\graphics programming\graphics programming\openGL.cpp(145,24): warning C4305: 'initializing': truncation from 'double' to 'float'
C:\Users\james\Documents\Documents\University work\Year 1\Introduction to Graphics Programming\graphics programming\graphics programming\openGL.cpp(146,18): warning C4305: 'initializing': truncation from 'double' to 'float'
C:\Users\james\Documents\Documents\University work\Year 1\Introduction to Graphics Programming\graphics programming\graphics programming\openGL.cpp(146,23): warning C4305: 'initializing': truncation from 'double' to 'float'
C:\Users\james\Documents\Documents\University work\Year 1\Introduction to Graphics Programming\graphics programming\graphics programming\openGL.cpp(147,18): warning C4305: 'initializing': truncation from 'double' to 'float'
C:\Users\james\Documents\Documents\University work\Year 1\Introduction to Graphics Programming\graphics programming\graphics programming\openGL.cpp(147,23): warning C4305: 'initializing': truncation from 'double' to 'float'
C:\Users\james\Documents\Documents\University work\Year 1\Introduction to Graphics Programming\graphics programming\graphics programming\openGL.cpp(148,18): warning C4305: 'initializing': truncation from 'double' to 'float'
C:\Users\james\Documents\Documents\University work\Year 1\Introduction to Graphics Programming\graphics programming\graphics programming\openGL.cpp(148,24): warning C4305: 'initializing': truncation from 'double' to 'float'
C:\Users\james\Documents\Documents\University work\Year 1\Introduction to Graphics Programming\graphics programming\graphics programming\openGL.cpp(208,24): warning C4305: '+=': truncation from 'double' to 'float'
C:\Users\james\Documents\Documents\University work\Year 1\Introduction to Graphics Programming\graphics programming\graphics programming\openGL.cpp(211,24): warning C4305: '-=': truncation from 'double' to 'float'
C:\Users\james\Documents\Documents\University work\Year 1\Introduction to Graphics Programming\graphics programming\graphics programming\openGL.cpp(214,24): warning C4305: '+=': truncation from 'double' to 'float'
C:\Users\james\Documents\Documents\University work\Year 1\Introduction to Graphics Programming\graphics programming\graphics programming\openGL.cpp(217,24): warning C4305: '-=': truncation from 'double' to 'float'
C:\Users\james\Documents\Documents\University work\Year 1\Introduction to Graphics Programming\graphics programming\graphics programming\openGL.cpp(220,23): warning C4305: '+=': truncation from 'double' to 'float'
C:\Users\james\Documents\Documents\University work\Year 1\Introduction to Graphics Programming\graphics programming\graphics programming\openGL.cpp(223,23): warning C4305: '-=': truncation from 'double' to 'float'
C:\Users\james\Documents\Documents\University work\Year 1\Introduction to Graphics Programming\graphics programming\graphics programming\openGL.cpp(228,32): warning C4305: '+=': truncation from 'double' to 'float'
C:\Users\james\Documents\Documents\University work\Year 1\Introduction to Graphics Programming\graphics programming\graphics programming\openGL.cpp(231,32): warning C4305: '-=': truncation from 'double' to 'float'
C:\Users\james\Documents\Documents\University work\Year 1\Introduction to Graphics Programming\graphics programming\graphics programming\openGL.cpp(234,32): warning C4305: '-=': truncation from 'double' to 'float'
C:\Users\james\Documents\Documents\University work\Year 1\Introduction to Graphics Programming\graphics programming\graphics programming\openGL.cpp(237,32): warning C4305: '+=': truncation from 'double' to 'float'
C:\Users\james\Documents\Documents\University work\Year 1\Introduction to Graphics Programming\graphics programming\graphics programming\openGL.cpp(240,32): warning C4305: '+=': truncation from 'double' to 'float'
C:\Users\james\Documents\Documents\University work\Year 1\Introduction to Graphics Programming\graphics programming\graphics programming\openGL.cpp(247,32): warning C4305: '-=': truncation from 'double' to 'float'
C:\Users\james\Documents\Documents\University work\Year 1\Introduction to Graphics Programming\graphics programming\graphics programming\openGL.cpp(265,112): warning C4244: 'argument': conversion from 'int' to 'float', possible loss of data
C:\Users\james\Documents\Documents\University work\Year 1\Introduction to Graphics Programming\graphics programming\graphics programming\openGL.cpp(274,113): warning C4244: 'argument': conversion from 'int' to 'float', possible loss of data
C:\Users\james\Documents\Documents\University work\Year 1\Introduction to Graphics Programming\graphics programming\graphics programming\openGL.cpp(315,27): warning C4305: '=': truncation from 'double' to 'float'
C:\Users\james\Documents\Documents\University work\Year 1\Introduction to Graphics Programming\graphics programming\graphics programming\openGL.cpp(316,27): warning C4305: '=': truncation from 'double' to 'float'
C:\Users\james\Documents\Documents\University work\Year 1\Introduction to Graphics Programming\graphics programming\graphics programming\openGL.cpp(317,27): warning C4305: '=': truncation from 'double' to 'float'
C:\Users\james\Documents\Documents\University work\Year 1\Introduction to Graphics Programming\graphics programming\graphics programming\openGL.cpp(320,27): warning C4305: '=': truncation from 'double' to 'float'
C:\Users\james\Documents\Documents\University work\Year 1\Introduction to Graphics Programming\graphics programming\graphics programming\openGL.cpp(321,27): warning C4305: '=': truncation from 'double' to 'float'
C:\Users\james\Documents\Documents\University work\Year 1\Introduction to Graphics Programming\graphics programming\graphics programming\openGL.cpp(322,27): warning C4305: '=': truncation from 'double' to 'float'
C:\Users\james\Documents\Documents\University work\Year 1\Introduction to Graphics Programming\graphics programming\graphics programming\openGL.cpp(325,28): warning C4305: '=': truncation from 'double' to 'float'
C:\Users\james\Documents\Documents\University work\Year 1\Introduction to Graphics Programming\graphics programming\graphics programming\openGL.cpp(326,28): warning C4305: '=': truncation from 'double' to 'float'
C:\Users\james\Documents\Documents\University work\Year 1\Introduction to Graphics Programming\graphics programming\graphics programming\openGL.cpp(327,28): warning C4305: '=': truncation from 'double' to 'float'
  graphics programming.vcxproj -> C:\Users\james\Documents\Documents\University work\Year 1\Introduction to Graphics Programming\graphics programming\Debug\graphics programming.exe
